  1: !
  2: ¡
  3: ?
  4: ¿
  5: $
  6: £
  7: €
  8: ẞ
  9: ß
 10: ¬
 11: °
 12: ′
 13: ″
 14: ‴
|....+....1....+....2....+....3|
|    5.625°|
|  5°37′30″|
  1 N    North                  354.375° (354°22′30″)     0.000° (  0°00′00″)     5.625° (  5°37′30″) 
  2 NbE  North by East            5.625° (  5°37′30″)    11.250° ( 11°15′00″)    16.875° ( 16°52′30″) 
  3 NNE  North-Northeast         16.875° ( 16°52′30″)    22.500° ( 22°30′00″)    28.125° ( 28°07′30″) 
  4 NEbn Northeast by North      28.125° ( 28°07′30″)    33.750° ( 33°45′00″)    39.375° ( 39°22′30″) 
  5 NE   Northeast               39.375° ( 39°22′30″)    45.000° ( 45°00′00″)    50.625° ( 50°37′30″) 
  6 NEbE Northeast by East       50.625° ( 50°37′30″)    56.250° ( 56°15′00″)    61.875° ( 61°52′30″) 
  7 ENE  East-Northeast          61.875° ( 61°52′30″)    67.500° ( 67°30′00″)    73.125° ( 73°07′30″) 
  8 EbN  East by North           73.125° ( 73°07′30″)    78.750° ( 78°45′00″)    84.375° ( 84°22′30″) 
  9 E    East                    84.375° ( 84°22′30″)    90.000° ( 90°00′00″)    95.625° ( 95°37′30″) 
 10 EbS  East by South           95.625° ( 95°37′30″)   101.250° (101°15′00″)   106.875° (106°52′30″) 
 11 ESE  East-Southeast         106.875° (106°52′30″)   112.500° (112°30′00″)   118.125° (118°07′30″) 
 12 SEbE Southeast by East      118.125° (118°07′30″)   123.750° (123°45′00″)   129.375° (129°22′30″) 
 13 SE   Southeast              129.375° (129°22′30″)   135.000° (135°00′00″)   140.625° (140°37′30″) 
 14 SEbS Southeast by South     140.625° (140°37′30″)   146.250° (146°15′00″)   151.875° (151°52′30″) 
 15 SSE  South-Southeast        151.875° (151°52′30″)   157.500° (157°30′00″)   163.125° (163°07′30″) 
 16 SbE  South by East          163.125° (163°07′30″)   168.750° (168°45′00″)   174.375° (174°22′30″) 
 17 S    South                  174.375° (174°22′30″)   180.000° (180°00′00″)   185.625° (185°37′30″) 
 18 SbW  South by West          185.625° (185°37′30″)   191.250° (191°15′00″)   196.875° (196°52′30″) 
 19 SSW  South-Southwest        196.875° (196°52′30″)   202.500° (202°30′00″)   208.125° (208°07′30″) 
 20 SWbS Southwest by South     208.125° (208°07′30″)   213.750° (213°45′00″)   219.375° (219°22′30″) 
 21 SW   Southwest              219.375° (219°22′30″)   225.000° (225°00′00″)   230.625° (230°37′30″) 
 22 SWbW Southwest by West      230.625° (230°37′30″)   236.250° (236°15′00″)   241.875° (241°52′30″) 
 23 WSW  Southwest              241.875° (241°52′30″)   247.500° (247°30′00″)   253.125° (253°07′30″) 
 24 WbS  West by South          253.125° (253°07′30″)   258.750° (258°45′00″)   264.375° (264°22′30″) 
 25 W    West                   264.375° (264°22′30″)   270.000° (270°00′00″)   275.625° (275°37′30″) 
 26 WbN  West by North          275.625° (275°37′30″)   281.250° (281°15′00″)   286.875° (286°52′30″) 
 27 WNW  West-Northwest         286.875° (286°52′30″)   292.500° (292°30′00″)   298.125° (298°07′30″) 
 28 NWbW Northwest by West      298.125° (298°07′30″)   303.750° (303°45′00″)   309.375° (309°22′30″) 
 29 NW   Northwest              309.375° (309°22′30″)   315.000° (315°00′00″)   320.625° (320°37′30″) 
 30 NWbN Northwest by North     320.625° (320°37′30″)   326.250° (326°15′00″)   331.875° (331°52′30″) 
 31 NNW  North-Northwest        331.875° (331°52′30″)   337.500° (337°30′00″)   343.125° (343°07′30″) 
 32 NbW  North by West          343.125° (343°07′30″)   348.750° (348°45′00″)   354.375° (354°22′30″) 

  1 N    North                    0.000° (  0°00′00″) 
  1 N    North                  360.000° (360°00′00″) 
  2 NbE  North by East          371.250° (371°15′00″) 
  3 NNE  North-Northeast        382.500° (382°30′00″) 
  1 N    North                  360.000° (360°00′00″) 
  2 NbE  North by East           16.870° ( 16°52′12″) 
  3 NNE  North-Northeast         16.880° ( 16°52′48″) 

  1 N    North                    0.000° (  0°00′00″) 
  2 NbE  North by East           16.870° ( 16°52′12″) 
  3 NNE  North-Northeast         16.880° ( 16°52′48″) 
  4 NEbn Northeast by North      33.750° ( 33°45′00″) 
  5 NE   Northeast               50.620° ( 50°37′12″) 
  6 NEbE Northeast by East       50.630° ( 50°37′48″) 
  7 ENE  East-Northeast          67.500° ( 67°30′00″) 
  8 EbN  East by North           84.370° ( 84°22′12″) 
  9 E    East                    84.380° ( 84°22′48″) 
 10 EbS  East by South          101.250° (101°15′00″) 
 11 ESE  East-Southeast         118.120° (118°07′12″) 
 12 SEbE Southeast by East      118.130° (118°07′48″) 
 13 SE   Southeast              135.000° (135°00′00″) 
 14 SEbS Southeast by South     151.870° (151°52′12″) 
 15 SSE  South-Southeast        151.880° (151°52′48″) 
 16 SbE  South by East          168.750° (168°45′00″) 
 17 S    South                  185.620° (185°37′12″) 
 18 SbW  South by West          185.630° (185°37′48″) 
 19 SSW  South-Southwest        202.500° (202°30′00″) 
 20 SWbS Southwest by South     219.370° (219°22′12″) 
 21 SW   Southwest              219.380° (219°22′48″) 
 22 SWbW Southwest by West      236.250° (236°15′00″) 
 23 WSW  Southwest              253.120° (253°07′12″) 
 24 WbS  West by South          253.130° (253°07′48″) 
 25 W    West                   270.000° (270°00′00″) 
 26 WbN  West by North          286.870° (286°52′12″) 
 27 WNW  West-Northwest         286.880° (286°52′48″) 
 28 NWbW Northwest by West      303.750° (303°45′00″) 
 29 NW   Northwest              320.620° (320°37′12″) 
 30 NWbN Northwest by North     320.630° (320°37′48″) 
 31 NNW  North-Northwest        337.500° (337°30′00″) 
 32 NbW  North by West          354.370° (354°22′12″) 
  1 N    North                  354.380° (354°22′48″) 

