1:              128 00000080 00000000000000000000000010000000
2:             2048 00000800 00000000000000000000100000000000
3:            65536 00010000 00000000000000010000000000000000
4:          2097152 00200000 00000000001000000000000000000000
5:         67108864 04000000 00000100000000000000000000000000
6:       2147483648 80000000 10000000000000000000000000000000

2:     0080          128       80 Pattern 110xxxxx 10xxxxxx
UTF-8: C280 ¬Ä
UTF-16: 0080
2:     0081          129       81 Pattern 110xxxxx 10xxxxxx
UTF-8: C281 ¬Å
UTF-16: 0081
2:     0082          130       82 Pattern 110xxxxx 10xxxxxx
UTF-8: C282 ¬Ç
UTF-16: 0082
2:     0083          131       83 Pattern 110xxxxx 10xxxxxx
UTF-8: C283 ¬É
UTF-16: 0083
2:     0084          132       84 Pattern 110xxxxx 10xxxxxx
UTF-8: C284 ¬Ñ
UTF-16: 0084
2:     0085          133       85 Pattern 110xxxxx 10xxxxxx
UTF-8: C285 ¬Ö
UTF-16: 0085
2:     0086          134       86 Pattern 110xxxxx 10xxxxxx
UTF-8: C286 ¬Ü
UTF-16: 0086
2:     0087          135       87 Pattern 110xxxxx 10xxxxxx
UTF-8: C287 ¬á
UTF-16: 0087
2:     0088          136       88 Pattern 110xxxxx 10xxxxxx
UTF-8: C288 ¬à
UTF-16: 0088
2:     0089          137       89 Pattern 110xxxxx 10xxxxxx
UTF-8: C289 ¬â
UTF-16: 0089
2:     008A          138       8A Pattern 110xxxxx 10xxxxxx
UTF-8: C28A ¬ä
UTF-16: 008A
2:     008B          139       8B Pattern 110xxxxx 10xxxxxx
UTF-8: C28B ¬ã
UTF-16: 008B
2:     008C          140       8C Pattern 110xxxxx 10xxxxxx
UTF-8: C28C ¬å
UTF-16: 008C
2:     008D          141       8D Pattern 110xxxxx 10xxxxxx
UTF-8: C28D ¬ç
UTF-16: 008D
2:     008E          142       8E Pattern 110xxxxx 10xxxxxx
UTF-8: C28E ¬é
UTF-16: 008E
2:     008F          143       8F Pattern 110xxxxx 10xxxxxx
UTF-8: C28F ¬è
UTF-16: 008F
2:     0090          144       90 Pattern 110xxxxx 10xxxxxx
UTF-8: C290 ¬ê
UTF-16: 0090
2:     0091          145       91 Pattern 110xxxxx 10xxxxxx
UTF-8: C291 ¬ë
UTF-16: 0091
2:     0092          146       92 Pattern 110xxxxx 10xxxxxx
UTF-8: C292 ¬í
UTF-16: 0092
2:     0093          147       93 Pattern 110xxxxx 10xxxxxx
UTF-8: C293 ¬ì
UTF-16: 0093
2:     0094          148       94 Pattern 110xxxxx 10xxxxxx
UTF-8: C294 ¬î
UTF-16: 0094
2:     0095          149       95 Pattern 110xxxxx 10xxxxxx
UTF-8: C295 ¬ï
UTF-16: 0095
2:     0096          150       96 Pattern 110xxxxx 10xxxxxx
UTF-8: C296 ¬ñ
UTF-16: 0096
2:     0097          151       97 Pattern 110xxxxx 10xxxxxx
UTF-8: C297 ¬ó
UTF-16: 0097
2:     0098          152       98 Pattern 110xxxxx 10xxxxxx
UTF-8: C298 ¬ò
UTF-16: 0098
2:     0099          153       99 Pattern 110xxxxx 10xxxxxx
UTF-8: C299 ¬ô
UTF-16: 0099
2:     009A          154       9A Pattern 110xxxxx 10xxxxxx
UTF-8: C29A ¬ö
UTF-16: 009A
2:     009B          155       9B Pattern 110xxxxx 10xxxxxx
UTF-8: C29B ¬õ
UTF-16: 009B
2:     009C          156       9C Pattern 110xxxxx 10xxxxxx
UTF-8: C29C ¬ú
UTF-16: 009C
2:     009D          157       9D Pattern 110xxxxx 10xxxxxx
UTF-8: C29D ¬ù
UTF-16: 009D
2:     009E          158       9E Pattern 110xxxxx 10xxxxxx
UTF-8: C29E ¬û
UTF-16: 009E
2:     009F          159       9F Pattern 110xxxxx 10xxxxxx
UTF-8: C29F ¬ü
UTF-16: 009F
2:     00A0          160       A0 Pattern 110xxxxx 10xxxxxx
UTF-8: C2A0 ¬†
UTF-16: 00A0
2:     00A1          161       A1 Pattern 110xxxxx 10xxxxxx
UTF-8: C2A1 ¬°
UTF-16: 00A1
2:     00A2          162       A2 Pattern 110xxxxx 10xxxxxx
UTF-8: C2A2 ¬¢
UTF-16: 00A2
2:     00A3          163       A3 Pattern 110xxxxx 10xxxxxx
UTF-8: C2A3 ¬£
UTF-16: 00A3
2:     00A4          164       A4 Pattern 110xxxxx 10xxxxxx
UTF-8: C2A4 ¬§
UTF-16: 00A4
2:     00A5          165       A5 Pattern 110xxxxx 10xxxxxx
UTF-8: C2A5 ¬•
UTF-16: 00A5
2:     00A6          166       A6 Pattern 110xxxxx 10xxxxxx
UTF-8: C2A6 ¬¶
UTF-16: 00A6
2:     00A7          167       A7 Pattern 110xxxxx 10xxxxxx
UTF-8: C2A7 ¬ß
UTF-16: 00A7
2:     00A8          168       A8 Pattern 110xxxxx 10xxxxxx
UTF-8: C2A8 ¬®
UTF-16: 00A8
2:     00A9          169       A9 Pattern 110xxxxx 10xxxxxx
UTF-8: C2A9 ¬©
UTF-16: 00A9
2:     00AA          170       AA Pattern 110xxxxx 10xxxxxx
UTF-8: C2AA ¬™
UTF-16: 00AA
2:     00AB          171       AB Pattern 110xxxxx 10xxxxxx
UTF-8: C2AB ¬´
UTF-16: 00AB
2:     00AC          172       AC Pattern 110xxxxx 10xxxxxx
UTF-8: C2AC ¬¨
UTF-16: 00AC
2:     00AD          173       AD Pattern 110xxxxx 10xxxxxx
UTF-8: C2AD ¬≠
UTF-16: 00AD
2:     00AE          174       AE Pattern 110xxxxx 10xxxxxx
UTF-8: C2AE ¬Æ
UTF-16: 00AE
2:     00AF          175       AF Pattern 110xxxxx 10xxxxxx
UTF-8: C2AF ¬Ø
UTF-16: 00AF
2:     00B0          176       B0 Pattern 110xxxxx 10xxxxxx
UTF-8: C2B0 ¬∞
UTF-16: 00B0
2:     00B1          177       B1 Pattern 110xxxxx 10xxxxxx
UTF-8: C2B1 ¬±
UTF-16: 00B1
2:     00B2          178       B2 Pattern 110xxxxx 10xxxxxx
UTF-8: C2B2 ¬≤
UTF-16: 00B2
2:     00B3          179       B3 Pattern 110xxxxx 10xxxxxx
UTF-8: C2B3 ¬≥
UTF-16: 00B3
2:     00B4          180       B4 Pattern 110xxxxx 10xxxxxx
UTF-8: C2B4 ¬¥
UTF-16: 00B4
2:     00B5          181       B5 Pattern 110xxxxx 10xxxxxx
UTF-8: C2B5 ¬µ
UTF-16: 00B5
2:     00B6          182       B6 Pattern 110xxxxx 10xxxxxx
UTF-8: C2B6 ¬∂
UTF-16: 00B6
2:     00B7          183       B7 Pattern 110xxxxx 10xxxxxx
UTF-8: C2B7 ¬∑
UTF-16: 00B7
2:     00B8          184       B8 Pattern 110xxxxx 10xxxxxx
UTF-8: C2B8 ¬∏
UTF-16: 00B8
2:     00B9          185       B9 Pattern 110xxxxx 10xxxxxx
UTF-8: C2B9 ¬π
UTF-16: 00B9
2:     00BA          186       BA Pattern 110xxxxx 10xxxxxx
UTF-8: C2BA ¬∫
UTF-16: 00BA
2:     00BB          187       BB Pattern 110xxxxx 10xxxxxx
UTF-8: C2BB ¬ª
UTF-16: 00BB
2:     00BC          188       BC Pattern 110xxxxx 10xxxxxx
UTF-8: C2BC ¬º
UTF-16: 00BC
2:     00BD          189       BD Pattern 110xxxxx 10xxxxxx
UTF-8: C2BD ¬Ω
UTF-16: 00BD
2:     00BE          190       BE Pattern 110xxxxx 10xxxxxx
UTF-8: C2BE ¬æ
UTF-16: 00BE
2:     00BF          191       BF Pattern 110xxxxx 10xxxxxx
UTF-8: C2BF ¬ø
UTF-16: 00BF
2:     00C0          192       C0 Pattern 110xxxxx 10xxxxxx
UTF-8: C380 √Ä
UTF-16: 00C0
2:     00C1          193       C1 Pattern 110xxxxx 10xxxxxx
UTF-8: C381 √Å
UTF-16: 00C1
2:     00C2          194       C2 Pattern 110xxxxx 10xxxxxx
UTF-8: C382 √Ç
UTF-16: 00C2
2:     00C3          195       C3 Pattern 110xxxxx 10xxxxxx
UTF-8: C383 √É
UTF-16: 00C3
2:     00C4          196       C4 Pattern 110xxxxx 10xxxxxx
UTF-8: C384 √Ñ
UTF-16: 00C4
2:     00C5          197       C5 Pattern 110xxxxx 10xxxxxx
UTF-8: C385 √Ö
UTF-16: 00C5
2:     00C6          198       C6 Pattern 110xxxxx 10xxxxxx
UTF-8: C386 √Ü
UTF-16: 00C6
2:     00C7          199       C7 Pattern 110xxxxx 10xxxxxx
UTF-8: C387 √á
UTF-16: 00C7
2:     00C8          200       C8 Pattern 110xxxxx 10xxxxxx
UTF-8: C388 √à
UTF-16: 00C8
2:     00C9          201       C9 Pattern 110xxxxx 10xxxxxx
UTF-8: C389 √â
UTF-16: 00C9
2:     00CA          202       CA Pattern 110xxxxx 10xxxxxx
UTF-8: C38A √ä
UTF-16: 00CA
2:     00CB          203       CB Pattern 110xxxxx 10xxxxxx
UTF-8: C38B √ã
UTF-16: 00CB
2:     00CC          204       CC Pattern 110xxxxx 10xxxxxx
UTF-8: C38C √å
UTF-16: 00CC
2:     00CD          205       CD Pattern 110xxxxx 10xxxxxx
UTF-8: C38D √ç
UTF-16: 00CD
2:     00CE          206       CE Pattern 110xxxxx 10xxxxxx
UTF-8: C38E √é
UTF-16: 00CE
2:     00CF          207       CF Pattern 110xxxxx 10xxxxxx
UTF-8: C38F √è
UTF-16: 00CF
2:     00D0          208       D0 Pattern 110xxxxx 10xxxxxx
UTF-8: C390 √ê
UTF-16: 00D0
2:     00D1          209       D1 Pattern 110xxxxx 10xxxxxx
UTF-8: C391 √ë
UTF-16: 00D1
2:     00D2          210       D2 Pattern 110xxxxx 10xxxxxx
UTF-8: C392 √í
UTF-16: 00D2
2:     00D3          211       D3 Pattern 110xxxxx 10xxxxxx
UTF-8: C393 √ì
UTF-16: 00D3
2:     00D4          212       D4 Pattern 110xxxxx 10xxxxxx
UTF-8: C394 √î
UTF-16: 00D4
2:     00D5          213       D5 Pattern 110xxxxx 10xxxxxx
UTF-8: C395 √ï
UTF-16: 00D5
2:     00D6          214       D6 Pattern 110xxxxx 10xxxxxx
UTF-8: C396 √ñ
UTF-16: 00D6
2:     00D7          215       D7 Pattern 110xxxxx 10xxxxxx
UTF-8: C397 √ó
UTF-16: 00D7
2:     00D8          216       D8 Pattern 110xxxxx 10xxxxxx
UTF-8: C398 √ò
UTF-16: 00D8
2:     00D9          217       D9 Pattern 110xxxxx 10xxxxxx
UTF-8: C399 √ô
UTF-16: 00D9
2:     00DA          218       DA Pattern 110xxxxx 10xxxxxx
UTF-8: C39A √ö
UTF-16: 00DA
2:     00DB          219       DB Pattern 110xxxxx 10xxxxxx
UTF-8: C39B √õ
UTF-16: 00DB
2:     00DC          220       DC Pattern 110xxxxx 10xxxxxx
UTF-8: C39C √ú
UTF-16: 00DC
2:     00DD          221       DD Pattern 110xxxxx 10xxxxxx
UTF-8: C39D √ù
UTF-16: 00DD
2:     00DE          222       DE Pattern 110xxxxx 10xxxxxx
UTF-8: C39E √û
UTF-16: 00DE
2:     00DF          223       DF Pattern 110xxxxx 10xxxxxx
UTF-8: C39F √ü
UTF-16: 00DF
2:     00E0          224       E0 Pattern 110xxxxx 10xxxxxx
UTF-8: C3A0 √†
UTF-16: 00E0
2:     00E1          225       E1 Pattern 110xxxxx 10xxxxxx
UTF-8: C3A1 √°
UTF-16: 00E1
2:     00E2          226       E2 Pattern 110xxxxx 10xxxxxx
UTF-8: C3A2 √¢
UTF-16: 00E2
2:     00E3          227       E3 Pattern 110xxxxx 10xxxxxx
UTF-8: C3A3 √£
UTF-16: 00E3
2:     00E4          228       E4 Pattern 110xxxxx 10xxxxxx
UTF-8: C3A4 √§
UTF-16: 00E4
2:     00E5          229       E5 Pattern 110xxxxx 10xxxxxx
UTF-8: C3A5 √•
UTF-16: 00E5
2:     00E6          230       E6 Pattern 110xxxxx 10xxxxxx
UTF-8: C3A6 √¶
UTF-16: 00E6
2:     00E7          231       E7 Pattern 110xxxxx 10xxxxxx
UTF-8: C3A7 √ß
UTF-16: 00E7
2:     00E8          232       E8 Pattern 110xxxxx 10xxxxxx
UTF-8: C3A8 √®
UTF-16: 00E8
2:     00E9          233       E9 Pattern 110xxxxx 10xxxxxx
UTF-8: C3A9 √©
UTF-16: 00E9
2:     00EA          234       EA Pattern 110xxxxx 10xxxxxx
UTF-8: C3AA √™
UTF-16: 00EA
2:     00EB          235       EB Pattern 110xxxxx 10xxxxxx
UTF-8: C3AB √´
UTF-16: 00EB
2:     00EC          236       EC Pattern 110xxxxx 10xxxxxx
UTF-8: C3AC √¨
UTF-16: 00EC
2:     00ED          237       ED Pattern 110xxxxx 10xxxxxx
UTF-8: C3AD √≠
UTF-16: 00ED
2:     00EE          238       EE Pattern 110xxxxx 10xxxxxx
UTF-8: C3AE √Æ
UTF-16: 00EE
2:     00EF          239       EF Pattern 110xxxxx 10xxxxxx
UTF-8: C3AF √Ø
UTF-16: 00EF
2:     00F0          240       F0 Pattern 110xxxxx 10xxxxxx
UTF-8: C3B0 √∞
UTF-16: 00F0
2:     00F1          241       F1 Pattern 110xxxxx 10xxxxxx
UTF-8: C3B1 √±
UTF-16: 00F1
2:     00F2          242       F2 Pattern 110xxxxx 10xxxxxx
UTF-8: C3B2 √≤
UTF-16: 00F2
2:     00F3          243       F3 Pattern 110xxxxx 10xxxxxx
UTF-8: C3B3 √≥
UTF-16: 00F3
2:     00F4          244       F4 Pattern 110xxxxx 10xxxxxx
UTF-8: C3B4 √¥
UTF-16: 00F4
2:     00F5          245       F5 Pattern 110xxxxx 10xxxxxx
UTF-8: C3B5 √µ
UTF-16: 00F5
2:     00F6          246       F6 Pattern 110xxxxx 10xxxxxx
UTF-8: C3B6 √∂
UTF-16: 00F6
2:     00F7          247       F7 Pattern 110xxxxx 10xxxxxx
UTF-8: C3B7 √∑
UTF-16: 00F7
2:     00F8          248       F8 Pattern 110xxxxx 10xxxxxx
UTF-8: C3B8 √∏
UTF-16: 00F8
2:     00F9          249       F9 Pattern 110xxxxx 10xxxxxx
UTF-8: C3B9 √π
UTF-16: 00F9
2:     00FA          250       FA Pattern 110xxxxx 10xxxxxx
UTF-8: C3BA √∫
UTF-16: 00FA
2:     00FB          251       FB Pattern 110xxxxx 10xxxxxx
UTF-8: C3BB √ª
UTF-16: 00FB
2:     00FC          252       FC Pattern 110xxxxx 10xxxxxx
UTF-8: C3BC √º
UTF-16: 00FC
2:     00FD          253       FD Pattern 110xxxxx 10xxxxxx
UTF-8: C3BD √Ω
UTF-16: 00FD
2:     00FE          254       FE Pattern 110xxxxx 10xxxxxx
UTF-8: C3BE √æ
UTF-16: 00FE
2:     00FF          255       FF Pattern 110xxxxx 10xxxxxx
UTF-8: C3BF √ø
UTF-16: 00FF
3:   0020A0         8352     20A0 Pattern 1110xxxx 10xxxxxx 10xxxxxx
UTF-8: E282A0 ‚Ç†
UTF-16: 20A0
3:   0020A1         8353     20A1 Pattern 1110xxxx 10xxxxxx 10xxxxxx
UTF-8: E282A1 ‚Ç°
UTF-16: 20A1
3:   0020A2         8354     20A2 Pattern 1110xxxx 10xxxxxx 10xxxxxx
UTF-8: E282A2 ‚Ç¢
UTF-16: 20A2
3:   0020A3         8355     20A3 Pattern 1110xxxx 10xxxxxx 10xxxxxx
UTF-8: E282A3 ‚Ç£
UTF-16: 20A3
3:   0020A4         8356     20A4 Pattern 1110xxxx 10xxxxxx 10xxxxxx
UTF-8: E282A4 ‚Ç§
UTF-16: 20A4
3:   0020A5         8357     20A5 Pattern 1110xxxx 10xxxxxx 10xxxxxx
UTF-8: E282A5 ‚Ç•
UTF-16: 20A5
3:   0020A6         8358     20A6 Pattern 1110xxxx 10xxxxxx 10xxxxxx
UTF-8: E282A6 ‚Ç¶
UTF-16: 20A6
3:   0020A7         8359     20A7 Pattern 1110xxxx 10xxxxxx 10xxxxxx
UTF-8: E282A7 ‚Çß
UTF-16: 20A7
3:   0020A8         8360     20A8 Pattern 1110xxxx 10xxxxxx 10xxxxxx
UTF-8: E282A8 ‚Ç®
UTF-16: 20A8
3:   0020A9         8361     20A9 Pattern 1110xxxx 10xxxxxx 10xxxxxx
UTF-8: E282A9 ‚Ç©
UTF-16: 20A9
3:   0020AA         8362     20AA Pattern 1110xxxx 10xxxxxx 10xxxxxx
UTF-8: E282AA ‚Ç™
UTF-16: 20AA
3:   0020AB         8363     20AB Pattern 1110xxxx 10xxxxxx 10xxxxxx
UTF-8: E282AB ‚Ç´
UTF-16: 20AB
3:   0020AC         8364     20AC Pattern 1110xxxx 10xxxxxx 10xxxxxx
UTF-8: E282AC ‚Ç¨
UTF-16: 20AC
3:   0020AD         8365     20AD Pattern 1110xxxx 10xxxxxx 10xxxxxx
UTF-8: E282AD ‚Ç≠
UTF-16: 20AD
3:   0020AE         8366     20AE Pattern 1110xxxx 10xxxxxx 10xxxxxx
UTF-8: E282AE ‚ÇÆ
UTF-16: 20AE
3:   0020AF         8367     20AF Pattern 1110xxxx 10xxxxxx 10xxxxxx
UTF-8: E282AF ‚ÇØ
UTF-16: 20AF
3:   0020B0         8368     20B0 Pattern 1110xxxx 10xxxxxx 10xxxxxx
UTF-8: E282B0 ‚Ç∞
UTF-16: 20B0
3:   0020B1         8369     20B1 Pattern 1110xxxx 10xxxxxx 10xxxxxx
UTF-8: E282B1 ‚Ç±
UTF-16: 20B1
3:   0020B2         8370     20B2 Pattern 1110xxxx 10xxxxxx 10xxxxxx
UTF-8: E282B2 ‚Ç≤
UTF-16: 20B2
3:   0020B3         8371     20B3 Pattern 1110xxxx 10xxxxxx 10xxxxxx
UTF-8: E282B3 ‚Ç≥
UTF-16: 20B3
3:   0020B4         8372     20B4 Pattern 1110xxxx 10xxxxxx 10xxxxxx
UTF-8: E282B4 ‚Ç¥
UTF-16: 20B4
3:   0020B5         8373     20B5 Pattern 1110xxxx 10xxxxxx 10xxxxxx
UTF-8: E282B5 ‚Çµ
UTF-16: 20B5
3:   0020B6         8374     20B6 Pattern 1110xxxx 10xxxxxx 10xxxxxx
UTF-8: E282B6 ‚Ç∂
UTF-16: 20B6
3:   0020B7         8375     20B7 Pattern 1110xxxx 10xxxxxx 10xxxxxx
UTF-8: E282B7 ‚Ç∑
UTF-16: 20B7
3:   0020B8         8376     20B8 Pattern 1110xxxx 10xxxxxx 10xxxxxx
UTF-8: E282B8 ‚Ç∏
UTF-16: 20B8
3:   0020B9         8377     20B9 Pattern 1110xxxx 10xxxxxx 10xxxxxx
UTF-8: E282B9 ‚Çπ
UTF-16: 20B9
3:   0020BA         8378     20BA Pattern 1110xxxx 10xxxxxx 10xxxxxx
UTF-8: E282BA ‚Ç∫
UTF-16: 20BA
3:   0020BB         8379     20BB Pattern 1110xxxx 10xxxxxx 10xxxxxx
UTF-8: E282BB ‚Çª
UTF-16: 20BB
3:   0020BC         8380     20BC Pattern 1110xxxx 10xxxxxx 10xxxxxx
UTF-8: E282BC ‚Çº
UTF-16: 20BC
3:   0020BD         8381     20BD Pattern 1110xxxx 10xxxxxx 10xxxxxx
UTF-8: E282BD ‚ÇΩ
UTF-16: 20BD
3:   0020BE         8382     20BE Pattern 1110xxxx 10xxxxxx 10xxxxxx
UTF-8: E282BE ‚Çæ
UTF-16: 20BE
3:   0020BF         8383     20BF Pattern 1110xxxx 10xxxxxx 10xxxxxx
UTF-8: E282BF ‚Çø
UTF-16: 20BF
3:   0020C0         8384     20C0 Pattern 1110xxxx 10xxxxxx 10xxxxxx
UTF-8: E28380 ‚ÉÄ
UTF-16: 20C0
1:     0024           36       24 Pattern 0xxxxxxx
UTF-8: 24 $
UTF-16: 0024
2:     00A2          162       A2 Pattern 110xxxxx 10xxxxxx
UTF-8: C2A2 ¬¢
UTF-16: 00A2
2:     00A3          163       A3 Pattern 110xxxxx 10xxxxxx
UTF-8: C2A3 ¬£
UTF-16: 00A3
2:     00A4          164       A4 Pattern 110xxxxx 10xxxxxx
UTF-8: C2A4 ¬§
UTF-16: 00A4
2:     00A5          165       A5 Pattern 110xxxxx 10xxxxxx
UTF-8: C2A5 ¬•
UTF-16: 00A5
2:     0192          402      192 Pattern 110xxxxx 10xxxxxx
UTF-8: C692 ∆í
UTF-16: 0192
3:   0009f2         2546      9F2 Pattern 1110xxxx 10xxxxxx 10xxxxxx
UTF-8: E0A7B2 ‡ß≤
UTF-16: 09F2
3:   0009f3         2547      9F3 Pattern 1110xxxx 10xxxxxx 10xxxxxx
UTF-8: E0A7B3 ‡ß≥
UTF-16: 09F3
3:   000af1         2801      AF1 Pattern 1110xxxx 10xxxxxx 10xxxxxx
UTF-8: E0ABB1 ‡´±
UTF-16: 0AF1
3:   000bf9         3065      BF9 Pattern 1110xxxx 10xxxxxx 10xxxxxx
UTF-8: E0AFB9 ‡Øπ
UTF-16: 0BF9
3:   000e3f         3647      E3F Pattern 1110xxxx 10xxxxxx 10xxxxxx
UTF-8: E0B8BF ‡∏ø
UTF-16: 0E3F
3:   0017db         6107     17DB Pattern 1110xxxx 10xxxxxx 10xxxxxx
UTF-8: E19F9B ·üõ
UTF-16: 17DB
3:   003350        13136     3350 Pattern 1110xxxx 10xxxxxx 10xxxxxx
UTF-8: E38D90 „çê
UTF-16: 3350
3:   005143        20803     5143 Pattern 1110xxxx 10xxxxxx 10xxxxxx
UTF-8: E58583 ÂÖÉ
UTF-16: 5143
3:   005186        20870     5186 Pattern 1110xxxx 10xxxxxx 10xxxxxx
UTF-8: E58686 ÂÜÜ
UTF-16: 5186
3:   005706        22278     5706 Pattern 1110xxxx 10xxxxxx 10xxxxxx
UTF-8: E59C86 ÂúÜ
UTF-16: 5706
3:   00570e        22286     570E Pattern 1110xxxx 10xxxxxx 10xxxxxx
UTF-8: E59C8E Âúé
UTF-16: 570E
3:   005713        22291     5713 Pattern 1110xxxx 10xxxxxx 10xxxxxx
UTF-8: E59C93 Âúì
UTF-16: 5713
3:   00571c        22300     571C Pattern 1110xxxx 10xxxxxx 10xxxxxx
UTF-8: E59C9C Âúú
UTF-16: 571C
3:   00a838        43064     A838 Pattern 1110xxxx 10xxxxxx 10xxxxxx
UTF-8: EAA0B8 Í†∏
UTF-16: A838
3:   00fdfc        65020     FDFC Pattern 1110xxxx 10xxxxxx 10xxxxxx
UTF-8: EFB7BC Ô∑º
UTF-16: FDFC
3:   00ff04        65284     FF04 Pattern 1110xxxx 10xxxxxx 10xxxxxx
UTF-8: EFBC84 ÔºÑ
UTF-16: FF04
3:   00ffe0        65504     FFE0 Pattern 1110xxxx 10xxxxxx 10xxxxxx
UTF-8: EFBFA0 Ôø†
UTF-16: FFE0
3:   00ffe1        65505     FFE1 Pattern 1110xxxx 10xxxxxx 10xxxxxx
UTF-8: EFBFA1 Ôø°
UTF-16: FFE1
3:   00ffe5        65509     FFE5 Pattern 1110xxxx 10xxxxxx 10xxxxxx
UTF-8: EFBFA5 Ôø•
UTF-16: FFE5
3:   00ffe6        65510     FFE6 Pattern 1110xxxx 10xxxxxx 10xxxxxx
UTF-8: EFBFA6 Ôø¶
UTF-16: FFE6
4: 0001f4b2       128178    1F4B2 Pattern 11110xxx 10xxxxxx 10xxxxxx 10xxxxxx
UTF-8: F09F92B2 üí≤
UTF-16: D83DDCB2
1:     0040           64       40 Pattern 0xxxxxxx
UTF-8: 40 @
UTF-16: 0040
1:     0041           65       41 Pattern 0xxxxxxx
UTF-8: 41 A
UTF-16: 0041
1:     005A           90       5A Pattern 0xxxxxxx
UTF-8: 5A Z
UTF-16: 005A
1:     0061           97       61 Pattern 0xxxxxxx
UTF-8: 61 a
UTF-16: 0061
1:     007A          122       7A Pattern 0xxxxxxx
UTF-8: 7A z
UTF-16: 007A
2:     00C0          192       C0 Pattern 110xxxxx 10xxxxxx
UTF-8: C380 √Ä
UTF-16: 00C0
2:     00A3          163       A3 Pattern 110xxxxx 10xxxxxx
UTF-8: C2A3 ¬£
UTF-16: 00A3
2:     00FF          255       FF Pattern 110xxxxx 10xxxxxx
UTF-8: C3BF √ø
UTF-16: 00FF
2:     041F         1055      41F Pattern 110xxxxx 10xxxxxx
UTF-8: D09F –ü
UTF-16: 041F
3:   000985         2437      985 Pattern 1110xxxx 10xxxxxx 10xxxxxx
UTF-8: E0A685 ‡¶Ö
UTF-16: 0985
3:   002020         8224     2020 Pattern 1110xxxx 10xxxxxx 10xxxxxx
UTF-8: E280A0 ‚Ä†
UTF-16: 2020
4: 0002f9f4       195060    2F9F4 Pattern 11110xxx 10xxxxxx 10xxxxxx 10xxxxxx
UTF-8: F0AFA7B4 Øß¥
UTF-16: D87EDDF4
1:     0000            0        0 Pattern 0xxxxxxx
UTF-8: 00  
UTF-16: 0000
1:     007F          127       7F Pattern 0xxxxxxx
UTF-8: 7F 
UTF-16: 007F
2:     0080          128       80 Pattern 110xxxxx 10xxxxxx
UTF-8: C280 ¬Ä
UTF-16: 0080
2:     07FF         2047      7FF Pattern 110xxxxx 10xxxxxx
UTF-8: DFBF ﬂø
UTF-16: 07FF
3:   000800         2048      800 Pattern 1110xxxx 10xxxxxx 10xxxxxx
UTF-8: E0A080 ‡†Ä
UTF-16: 0800
3:   00ffff        65535     FFFF Pattern 1110xxxx 10xxxxxx 10xxxxxx
UTF-8: EFBFBF Ôøø
UTF-16: FFFF
4: 00010000        65536    10000 Pattern 11110xxx 10xxxxxx 10xxxxxx 10xxxxxx
UTF-8: F0908080 êÄÄ
UTF-16: D800DC00
4: 0001ffff       131071    1FFFF Pattern 11110xxx 10xxxxxx 10xxxxxx 10xxxxxx
UTF-8: F09FBFBF üøø
UTF-16: D83FDFFF
4: 00020000       131072    20000 Pattern 11110xxx 10xxxxxx 10xxxxxx 10xxxxxx
UTF-8: F0A08080 †ÄÄ
UTF-16: D840DC00
4: 0002ffff       196607    2FFFF Pattern 11110xxx 10xxxxxx 10xxxxxx 10xxxxxx
UTF-8: F0AFBFBF Øøø
UTF-16: D87FDFFF
4: 00030000       196608    30000 Pattern 11110xxx 10xxxxxx 10xxxxxx 10xxxxxx
UTF-8: F0B08080 ∞ÄÄ
UTF-16: D880DC00
4: 000dffff       917503    DFFFF Pattern 11110xxx 10xxxxxx 10xxxxxx 10xxxxxx
UTF-8: F39FBFBF Ûüøø
UTF-16: DB3FDFFF
4: 000e0000       917504    E0000 Pattern 11110xxx 10xxxxxx 10xxxxxx 10xxxxxx
UTF-8: F3A08080 Û†ÄÄ
UTF-16: DB40DC00
4: 000effff       983039    EFFFF Pattern 11110xxx 10xxxxxx 10xxxxxx 10xxxxxx
UTF-8: F3AFBFBF ÛØøø
UTF-16: DB7FDFFF
4: 000f0000       983040    F0000 Pattern 11110xxx 10xxxxxx 10xxxxxx 10xxxxxx
UTF-8: F3B08080 Û∞ÄÄ
UTF-16: DB80DC00
4: 0010ffff      1114111   10FFFF Pattern 11110xxx 10xxxxxx 10xxxxxx 10xxxxxx
UTF-8: F48FBFBF Ùèøø
UTF-16: DBFFDFFF
4: 001fffff      2097151   1FFFFF Pattern 11110xxx 10xxxxxx 10xxxxxx 10xxxxxx
UTF-8: F7BFBFBF ˜øøø
  1fffff      2097151   1FFFFF unsupported codepoint
UTF-16: 
5: 00200000      2097152   200000 Pattern 111110xx 10xxxxxx 10xxxxxx 10xxxxxx 10xxxxxx
UTF-8: F888808080 ¯àÄÄÄ
  200000      2097152   200000 unsupported codepoint
UTF-16: 
5: 03ffffff     67108863  3FFFFFF Pattern 111110xx 10xxxxxx 10xxxxxx 10xxxxxx 10xxxxxx
UTF-8: FBBFBFBFBF ˚øøøø
03ffffff     67108863  3FFFFFF unsupported codepoint
UTF-16: 
6: 04000000     67108864  4000000 Pattern 1111110x 10xxxxxx 10xxxxxx 10xxxxxx 10xxxxxx 10xxxxxx
UTF-8: FC8480808000 ¸ÑÄÄÄ 
04000000     67108864  4000000 unsupported codepoint
UTF-16: 
6: 7fffffff   2147483647 7FFFFFFF Pattern 1111110x 10xxxxxx 10xxxxxx 10xxxxxx 10xxxxxx 10xxxxxx
UTF-8: FDBFBFBFBF3F ˝øøøø?
7fffffff   2147483647 7FFFFFFF unsupported codepoint
UTF-16: 
7: 80000000   2147483648 80000000 unsupported
80000000   2147483648 80000000 unsupported codepoint
UTF-16: 
